# JRE version: OpenJDK Runtime Environment (17.0.6) (build 17.0.6+0-b2043.56-9586694)
# Java VM: OpenJDK 64-Bit Server VM (17.0.6+0-b2043.56-9586694, mixed mode, tiered, compressed oops, compressed class ptrs, g1 gc, windows-amd64)
GC Precious Log:
 CPUs: 4 total, 4 available
 Memory: 10178M
 Large Page Support: Disabled
 NUMA Support: Disabled
 Compressed Oops: Enabled (32-bit)
 Heap Region Size: 1M
 Heap Min Capacity: 8M
 Heap Initial Capacity: 160M
 Heap Max Capacity: 1536M
 Pre-touch: Disabled
 Parallel Workers: 4
 Concurrent Workers: 1
 Concurrent Refinement Workers: 4
 Periodic GC: Disabled
Heap:
 garbage-first heap   total 481280K, used 329298K [0x00000000a0000000, 0x0000000100000000)
  region size 1024K, 86 young (88064K), 16 survivors (16384K)
 Metaspace       used 156542K, committed 157952K, reserved 1187840K
  class space    used 19993K, committed 20736K, reserved 1048576K
GC Heap History (20 events):
Event: 68.826 GC heap before
{Heap before GC invocations=63 (full 0):
 garbage-first heap   total 481280K, used 408417K [0x00000000a0000000, 0x0000000100000000)
  region size 1024K, 190 young (194560K), 12 survivors (12288K)
 Metaspace       used 124838K, committed 125632K, reserved 1163264K
  class space    used 16318K, committed 16704K, reserved 1048576K
}
Event: 68.833 GC heap after
{Heap after GC invocations=64 (full 0):
 garbage-first heap   total 481280K, used 224627K [0x00000000a0000000, 0x0000000100000000)
  region size 1024K, 11 young (11264K), 11 survivors (11264K)
 Metaspace       used 124838K, committed 125632K, reserved 1163264K
  class space    used 16318K, committed 16704K, reserved 1048576K
}
Event: 68.856 GC heap before
{Heap before GC invocations=64 (full 0):
 garbage-first heap   total 481280K, used 236915K [0x00000000a0000000, 0x0000000100000000)
  region size 1024K, 23 young (23552K), 11 survivors (11264K)
 Metaspace       used 124838K, committed 125632K, reserved 1163264K
  class space    used 16318K, committed 16704K, reserved 1048576K
}
Event: 68.886 GC heap after
{Heap after GC invocations=65 (full 0):
 garbage-first heap   total 481280K, used 222226K [0x00000000a0000000, 0x0000000100000000)
  region size 1024K, 2 young (2048K), 2 survivors (2048K)
 Metaspace       used 124838K, committed 125632K, reserved 1163264K
  class space    used 16318K, committed 16704K, reserved 1048576K
}
Event: 71.351 GC heap before
{Heap before GC invocations=65 (full 0):
 garbage-first heap   total 481280K, used 409618K [0x00000000a0000000, 0x0000000100000000)
  region size 1024K, 186 young (190464K), 2 survivors (2048K)
 Metaspace       used 130829K, committed 131648K, reserved 1171456K
  class space    used 17078K, committed 17472K, reserved 1048576K
}
Event: 71.363 GC heap after
{Heap after GC invocations=66 (full 0):
 garbage-first heap   total 481280K, used 226315K [0x00000000a0000000, 0x0000000100000000)
  region size 1024K, 6 young (6144K), 6 survivors (6144K)
 Metaspace       used 130829K, committed 131648K, reserved 1171456K
  class space    used 17078K, committed 17472K, reserved 1048576K
}
Event: 90.638 GC heap before
{Heap before GC invocations=66 (full 0):
 garbage-first heap   total 481280K, used 410635K [0x00000000a0000000, 0x0000000100000000)
  region size 1024K, 187 young (191488K), 6 survivors (6144K)
 Metaspace       used 137730K, committed 138624K, reserved 1171456K
  class space    used 17794K, committed 18240K, reserved 1048576K
}
Event: 90.665 GC heap after
{Heap after GC invocations=67 (full 0):
 garbage-first heap   total 481280K, used 238987K [0x00000000a0000000, 0x0000000100000000)
  region size 1024K, 19 young (19456K), 19 survivors (19456K)
 Metaspace       used 137730K, committed 138624K, reserved 1171456K
  class space    used 17794K, committed 18240K, reserved 1048576K
}
Event: 96.075 GC heap before
{Heap before GC invocations=67 (full 0):
 garbage-first heap   total 481280K, used 371083K [0x00000000a0000000, 0x0000000100000000)
  region size 1024K, 143 young (146432K), 19 survivors (19456K)
 Metaspace       used 144025K, committed 145024K, reserved 1179648K
  class space    used 18591K, committed 19072K, reserved 1048576K
}
Event: 96.181 GC heap after
{Heap after GC invocations=68 (full 0):
 garbage-first heap   total 481280K, used 262574K [0x00000000a0000000, 0x0000000100000000)
  region size 1024K, 22 young (22528K), 22 survivors (22528K)
 Metaspace       used 144025K, committed 145024K, reserved 1179648K
  class space    used 18591K, committed 19072K, reserved 1048576K
}
Event: 101.302 GC heap before
{Heap before GC invocations=69 (full 0):
 garbage-first heap   total 481280K, used 393646K [0x00000000a0000000, 0x0000000100000000)
  region size 1024K, 150 young (153600K), 22 survivors (22528K)
 Metaspace       used 149971K, committed 150976K, reserved 1187840K
  class space    used 19167K, committed 19648K, reserved 1048576K
}
Event: 101.321 GC heap after
{Heap after GC invocations=70 (full 0):
 garbage-first heap   total 481280K, used 244736K [0x00000000a0000000, 0x0000000100000000)
  region size 1024K, 3 young (3072K), 3 survivors (3072K)
 Metaspace       used 149971K, committed 150976K, reserved 1187840K
  class space    used 19167K, committed 19648K, reserved 1048576K
}
Event: 102.015 GC heap before
{Heap before GC invocations=70 (full 0):
 garbage-first heap   total 481280K, used 264192K [0x00000000a0000000, 0x0000000100000000)
  region size 1024K, 23 young (23552K), 3 survivors (3072K)
 Metaspace       used 151032K, committed 152064K, reserved 1187840K
  class space    used 19303K, committed 19776K, reserved 1048576K
}
Event: 102.027 GC heap after
{Heap after GC invocations=71 (full 0):
 garbage-first heap   total 481280K, used 243366K [0x00000000a0000000, 0x0000000100000000)
  region size 1024K, 3 young (3072K), 3 survivors (3072K)
 Metaspace       used 151032K, committed 152064K, reserved 1187840K
  class space    used 19303K, committed 19776K, reserved 1048576K
}
Event: 103.250 GC heap before
{Heap before GC invocations=71 (full 0):
 garbage-first heap   total 481280K, used 395942K [0x00000000a0000000, 0x0000000100000000)
  region size 1024K, 153 young (156672K), 3 survivors (3072K)
 Metaspace       used 151167K, committed 152256K, reserved 1187840K
  class space    used 19317K, committed 19840K, reserved 1048576K
}
Event: 103.257 GC heap after
{Heap after GC invocations=72 (full 0):
 garbage-first heap   total 481280K, used 243947K [0x00000000a0000000, 0x0000000100000000)
  region size 1024K, 4 young (4096K), 4 survivors (4096K)
 Metaspace       used 151167K, committed 152256K, reserved 1187840K
  class space    used 19317K, committed 19840K, reserved 1048576K
}
Event: 146.670 GC heap before
{Heap before GC invocations=72 (full 0):
 garbage-first heap   total 481280K, used 401643K [0x00000000a0000000, 0x0000000100000000)
  region size 1024K, 159 young (162816K), 4 survivors (4096K)
 Metaspace       used 153377K, committed 154624K, reserved 1187840K
  class space    used 19588K, committed 20224K, reserved 1048576K
}
Event: 146.690 GC heap after
{Heap after GC invocations=73 (full 0):
 garbage-first heap   total 481280K, used 251950K [0x00000000a0000000, 0x0000000100000000)
  region size 1024K, 12 young (12288K), 12 survivors (12288K)
 Metaspace       used 153377K, committed 154624K, reserved 1187840K
  class space    used 19588K, committed 20224K, reserved 1048576K
}
Event: 175.487 GC heap before
{Heap before GC invocations=73 (full 0):
 garbage-first heap   total 481280K, used 402478K [0x00000000a0000000, 0x0000000100000000)
  region size 1024K, 160 young (163840K), 12 survivors (12288K)
 Metaspace       used 156238K, committed 157632K, reserved 1187840K
  class space    used 19974K, committed 20672K, reserved 1048576K
}
Event: 175.521 GC heap after
{Heap after GC invocations=74 (full 0):
 garbage-first heap   total 481280K, used 258642K [0x00000000a0000000, 0x0000000100000000)
  region size 1024K, 16 young (16384K), 16 survivors (16384K)
 Metaspace       used 156238K, committed 157632K, reserved 1187840K
  class space    used 19974K, committed 20672K, reserved 1048576K
}

